<?xml version="1.0" encoding="UTF-8"?>
<!-- Generated by org.testng.reporters.JUnitXMLReporter -->
<testsuite hostname="LAPTOP-LE02I758" ignored="0" name="Regression Testing" tests="9" failures="0" timestamp="17 Oct 2019 08:44:55 GMT" time="254.549" errors="0">
  <testcase name="loginPageTitleTest" time="5.718" classname="com.test.hubspot.tests.LoginPageTest"/>
  <testcase name="loginTest" time="16.36" classname="com.test.hubspot.tests.LoginPageTest"/>
  <testcase name="textboxIsDisplayedTest" time="9.949" classname="com.test.hubspot.tests.LoginPageTest"/>
  <testcase name="validateHomePageTitleTest" time="5.119" classname="com.test.hubspot.tests.HomePageTest"/>
  <testcase name="validateNavigationToContactsTest" time="10.591" classname="com.test.hubspot.tests.HomePageTest"/>
  <testcase name="validatedContactsIsDisplayedTest" time="7.342" classname="com.test.hubspot.tests.HomePageTest"/>
  <testcase name="validateContactsPageHeaderTest" time="1.841" classname="com.test.hubspot.tests.ContactsPageTest"/>
  <testcase name="validateContactsPageTitleTest" time="1.142" classname="com.test.hubspot.tests.ContactsPageTest"/>
  <testcase name="validateCreateContactBtnTest" time="0.903" classname="com.test.hubspot.tests.ContactsPageTest"/>
</testsuite> <!-- Regression Testing -->
