<?xml version="1.0" encoding="UTF-8"?>
<!-- Generated by org.testng.reporters.JUnitXMLReporter -->
<testsuite hostname="LAPTOP-LE02I758" ignored="0" name="Default test" tests="3" failures="0" timestamp="16 Oct 2019 04:59:00 GMT" time="64.352" errors="0">
  <testcase name="loginPageTitleTest" time="9.464" classname="com.test.hubspot.tests.LoginPageTest"/>
  <testcase name="loginTest" time="8.11" classname="com.test.hubspot.tests.LoginPageTest"/>
  <testcase name="textboxIsDisplayedTest" time="5.471" classname="com.test.hubspot.tests.LoginPageTest"/>
</testsuite> <!-- Default test -->
